<?xml version="1.0" encoding="UTF-8"?>
<testng-results ignored="0" total="1" passed="1" failed="0" skipped="0">
  <reporter-output>
  </reporter-output>
  <suite started-at="2021-05-09T00:30:16 IST" name="Default suite" finished-at="2021-05-09T00:30:17 IST" duration-ms="824">
    <groups>
    </groups>
    <test started-at="2021-05-09T00:30:16 IST" name="Default test" finished-at="2021-05-09T00:30:17 IST" duration-ms="824">
      <class name="Maven.Maven_practice.TestingExtentReports">
        <test-method signature="test()[pri:0, instance:Maven.Maven_practice.TestingExtentReports@7692d9cc]" started-at="2021-05-09T00:30:16 IST" name="test" finished-at="2021-05-09T00:30:17 IST" duration-ms="415" status="PASS">
          <reporter-output>
          </reporter-output>
        </test-method> <!-- test -->
      </class> <!-- Maven.Maven_practice.TestingExtentReports -->
    </test> <!-- Default test -->
  </suite> <!-- Default suite -->
</testng-results>
